have_library: checking for socket() in -lsocket... -------------------- no

"/usr/bin/clang -o conftest -I/Users/orta/dev/mac/CocoaPods-app/destroot/bundle/include/ruby-2.2.0/x86_64-darwin15 -I/Users/orta/dev/mac/CocoaPods-app/destroot/bundle/include/ruby-2.2.0/ruby/backward -I/Users/orta/dev/mac/CocoaPods-app/destroot/bundle/include/ruby-2.2.0 -I. -I/Users/orta/dev/mac/CocoaPods-app/destroot/dependencies/include -D_XOPEN_SOURCE -D_DARWIN_C_SOURCE -D_DARWIN_UNLIMITED_SELECT -D_REENTRANT   -mmacosx-version-min=10.10 -isysroot /Applications/Xcode7.app/Contents/Developer/Platforms/MacOSX.platform/Developer/SDKs/MacOSX10.11.sdk -pipe conftest.c  -L/Users/orta/dev/mac/CocoaPods-app/destroot/bundle/lib -L. -L/Users/orta/dev/mac/CocoaPods-app/destroot/bundle/lib -L. -L/Users/orta/dev/mac/CocoaPods-app/destroot/dependencies/lib -fstack-protector -L/usr/local/lib     -lruby-static -framework CoreFoundation  -lpthread -ldl -lobjc "
checked program was:
/* begin */
1: #include "ruby.h"
2: 
3: int main(int argc, char **argv)
4: {
5:   return 0;
6: }
/* end */

"/usr/bin/clang -o conftest -I/Users/orta/dev/mac/CocoaPods-app/destroot/bundle/include/ruby-2.2.0/x86_64-darwin15 -I/Users/orta/dev/mac/CocoaPods-app/destroot/bundle/include/ruby-2.2.0/ruby/backward -I/Users/orta/dev/mac/CocoaPods-app/destroot/bundle/include/ruby-2.2.0 -I. -I/Users/orta/dev/mac/CocoaPods-app/destroot/dependencies/include -D_XOPEN_SOURCE -D_DARWIN_C_SOURCE -D_DARWIN_UNLIMITED_SELECT -D_REENTRANT   -mmacosx-version-min=10.10 -isysroot /Applications/Xcode7.app/Contents/Developer/Platforms/MacOSX.platform/Developer/SDKs/MacOSX10.11.sdk -pipe conftest.c  -L/Users/orta/dev/mac/CocoaPods-app/destroot/bundle/lib -L. -L/Users/orta/dev/mac/CocoaPods-app/destroot/bundle/lib -L. -L/Users/orta/dev/mac/CocoaPods-app/destroot/dependencies/lib -fstack-protector -L/usr/local/lib     -lruby-static -framework CoreFoundation -lsocket  -lpthread -ldl -lobjc "
conftest.c:13:57: error: use of undeclared identifier 'socket'
int t(void) { void ((*volatile p)()); p = (void ((*)()))socket; return 0; }
                                                        ^
1 error generated.
checked program was:
/* begin */
 1: #include "ruby.h"
 2: 
 3: /*top*/
 4: extern int t(void);
 5: int main(int argc, char **argv)
 6: {
 7:   if (argc > 1000000) {
 8:     printf("%p", &t);
 9:   }
10: 
11:   return 0;
12: }
13: int t(void) { void ((*volatile p)()); p = (void ((*)()))socket; return 0; }
/* end */

"/usr/bin/clang -o conftest -I/Users/orta/dev/mac/CocoaPods-app/destroot/bundle/include/ruby-2.2.0/x86_64-darwin15 -I/Users/orta/dev/mac/CocoaPods-app/destroot/bundle/include/ruby-2.2.0/ruby/backward -I/Users/orta/dev/mac/CocoaPods-app/destroot/bundle/include/ruby-2.2.0 -I. -I/Users/orta/dev/mac/CocoaPods-app/destroot/dependencies/include -D_XOPEN_SOURCE -D_DARWIN_C_SOURCE -D_DARWIN_UNLIMITED_SELECT -D_REENTRANT   -mmacosx-version-min=10.10 -isysroot /Applications/Xcode7.app/Contents/Developer/Platforms/MacOSX.platform/Developer/SDKs/MacOSX10.11.sdk -pipe conftest.c  -L/Users/orta/dev/mac/CocoaPods-app/destroot/bundle/lib -L. -L/Users/orta/dev/mac/CocoaPods-app/destroot/bundle/lib -L. -L/Users/orta/dev/mac/CocoaPods-app/destroot/dependencies/lib -fstack-protector -L/usr/local/lib     -lruby-static -framework CoreFoundation -lsocket  -lpthread -ldl -lobjc "
conftest.c:13:15: warning: implicit declaration of function 'socket' is invalid in C99 [-Wimplicit-function-declaration]
int t(void) { socket(); return 0; }
              ^
1 warning generated.
ld: library not found for -lsocket
clang: error: linker command failed with exit code 1 (use -v to see invocation)
checked program was:
/* begin */
 1: #include "ruby.h"
 2: 
 3: /*top*/
 4: extern int t(void);
 5: int main(int argc, char **argv)
 6: {
 7:   if (argc > 1000000) {
 8:     printf("%p", &t);
 9:   }
10: 
11:   return 0;
12: }
13: int t(void) { socket(); return 0; }
/* end */

--------------------

have_library: checking for gethostbyname() in -lnsl... -------------------- no

"/usr/bin/clang -o conftest -I/Users/orta/dev/mac/CocoaPods-app/destroot/bundle/include/ruby-2.2.0/x86_64-darwin15 -I/Users/orta/dev/mac/CocoaPods-app/destroot/bundle/include/ruby-2.2.0/ruby/backward -I/Users/orta/dev/mac/CocoaPods-app/destroot/bundle/include/ruby-2.2.0 -I. -I/Users/orta/dev/mac/CocoaPods-app/destroot/dependencies/include -D_XOPEN_SOURCE -D_DARWIN_C_SOURCE -D_DARWIN_UNLIMITED_SELECT -D_REENTRANT   -mmacosx-version-min=10.10 -isysroot /Applications/Xcode7.app/Contents/Developer/Platforms/MacOSX.platform/Developer/SDKs/MacOSX10.11.sdk -pipe conftest.c  -L/Users/orta/dev/mac/CocoaPods-app/destroot/bundle/lib -L. -L/Users/orta/dev/mac/CocoaPods-app/destroot/bundle/lib -L. -L/Users/orta/dev/mac/CocoaPods-app/destroot/dependencies/lib -fstack-protector -L/usr/local/lib     -lruby-static -framework CoreFoundation -lnsl  -lpthread -ldl -lobjc "
conftest.c:13:57: error: use of undeclared identifier 'gethostbyname'
int t(void) { void ((*volatile p)()); p = (void ((*)()))gethostbyname; return 0; }
                                                        ^
1 error generated.
checked program was:
/* begin */
 1: #include "ruby.h"
 2: 
 3: /*top*/
 4: extern int t(void);
 5: int main(int argc, char **argv)
 6: {
 7:   if (argc > 1000000) {
 8:     printf("%p", &t);
 9:   }
10: 
11:   return 0;
12: }
13: int t(void) { void ((*volatile p)()); p = (void ((*)()))gethostbyname; return 0; }
/* end */

"/usr/bin/clang -o conftest -I/Users/orta/dev/mac/CocoaPods-app/destroot/bundle/include/ruby-2.2.0/x86_64-darwin15 -I/Users/orta/dev/mac/CocoaPods-app/destroot/bundle/include/ruby-2.2.0/ruby/backward -I/Users/orta/dev/mac/CocoaPods-app/destroot/bundle/include/ruby-2.2.0 -I. -I/Users/orta/dev/mac/CocoaPods-app/destroot/dependencies/include -D_XOPEN_SOURCE -D_DARWIN_C_SOURCE -D_DARWIN_UNLIMITED_SELECT -D_REENTRANT   -mmacosx-version-min=10.10 -isysroot /Applications/Xcode7.app/Contents/Developer/Platforms/MacOSX.platform/Developer/SDKs/MacOSX10.11.sdk -pipe conftest.c  -L/Users/orta/dev/mac/CocoaPods-app/destroot/bundle/lib -L. -L/Users/orta/dev/mac/CocoaPods-app/destroot/bundle/lib -L. -L/Users/orta/dev/mac/CocoaPods-app/destroot/dependencies/lib -fstack-protector -L/usr/local/lib     -lruby-static -framework CoreFoundation -lnsl  -lpthread -ldl -lobjc "
conftest.c:13:15: warning: implicit declaration of function 'gethostbyname' is invalid in C99 [-Wimplicit-function-declaration]
int t(void) { gethostbyname(); return 0; }
              ^
1 warning generated.
ld: library not found for -lnsl
clang: error: linker command failed with exit code 1 (use -v to see invocation)
checked program was:
/* begin */
 1: #include "ruby.h"
 2: 
 3: /*top*/
 4: extern int t(void);
 5: int main(int argc, char **argv)
 6: {
 7:   if (argc > 1000000) {
 8:     printf("%p", &t);
 9:   }
10: 
11:   return 0;
12: }
13: int t(void) { gethostbyname(); return 0; }
/* end */

--------------------

have_library: checking for atan() in -lm... -------------------- yes

"/usr/bin/clang -o conftest -I/Users/orta/dev/mac/CocoaPods-app/destroot/bundle/include/ruby-2.2.0/x86_64-darwin15 -I/Users/orta/dev/mac/CocoaPods-app/destroot/bundle/include/ruby-2.2.0/ruby/backward -I/Users/orta/dev/mac/CocoaPods-app/destroot/bundle/include/ruby-2.2.0 -I. -I/Users/orta/dev/mac/CocoaPods-app/destroot/dependencies/include -D_XOPEN_SOURCE -D_DARWIN_C_SOURCE -D_DARWIN_UNLIMITED_SELECT -D_REENTRANT   -mmacosx-version-min=10.10 -isysroot /Applications/Xcode7.app/Contents/Developer/Platforms/MacOSX.platform/Developer/SDKs/MacOSX10.11.sdk -pipe conftest.c  -L/Users/orta/dev/mac/CocoaPods-app/destroot/bundle/lib -L. -L/Users/orta/dev/mac/CocoaPods-app/destroot/bundle/lib -L. -L/Users/orta/dev/mac/CocoaPods-app/destroot/dependencies/lib -fstack-protector -L/usr/local/lib     -lruby-static -framework CoreFoundation -lm  -lpthread -ldl -lobjc "
checked program was:
/* begin */
 1: #include "ruby.h"
 2: 
 3: /*top*/
 4: extern int t(void);
 5: int main(int argc, char **argv)
 6: {
 7:   if (argc > 1000000) {
 8:     printf("%p", &t);
 9:   }
10: 
11:   return 0;
12: }
13: int t(void) { void ((*volatile p)()); p = (void ((*)()))atan; return 0; }
/* end */

--------------------

have_library: checking for inflate() in -lz... -------------------- yes

"/usr/bin/clang -o conftest -I/Users/orta/dev/mac/CocoaPods-app/destroot/bundle/include/ruby-2.2.0/x86_64-darwin15 -I/Users/orta/dev/mac/CocoaPods-app/destroot/bundle/include/ruby-2.2.0/ruby/backward -I/Users/orta/dev/mac/CocoaPods-app/destroot/bundle/include/ruby-2.2.0 -I. -I/Users/orta/dev/mac/CocoaPods-app/destroot/dependencies/include -D_XOPEN_SOURCE -D_DARWIN_C_SOURCE -D_DARWIN_UNLIMITED_SELECT -D_REENTRANT   -mmacosx-version-min=10.10 -isysroot /Applications/Xcode7.app/Contents/Developer/Platforms/MacOSX.platform/Developer/SDKs/MacOSX10.11.sdk -pipe conftest.c  -L/Users/orta/dev/mac/CocoaPods-app/destroot/bundle/lib -L. -L/Users/orta/dev/mac/CocoaPods-app/destroot/bundle/lib -L. -L/Users/orta/dev/mac/CocoaPods-app/destroot/dependencies/lib -fstack-protector -L/usr/local/lib    -lm  -lruby-static -framework CoreFoundation -lz -lm  -lpthread -ldl -lobjc "
conftest.c:13:57: error: use of undeclared identifier 'inflate'; did you mean 'inline'?
int t(void) { void ((*volatile p)()); p = (void ((*)()))inflate; return 0; }
                                                        ^~~~~~~
                                                        inline
conftest.c:13:57: error: expected expression
2 errors generated.
checked program was:
/* begin */
 1: #include "ruby.h"
 2: 
 3: /*top*/
 4: extern int t(void);
 5: int main(int argc, char **argv)
 6: {
 7:   if (argc > 1000000) {
 8:     printf("%p", &t);
 9:   }
10: 
11:   return 0;
12: }
13: int t(void) { void ((*volatile p)()); p = (void ((*)()))inflate; return 0; }
/* end */

"/usr/bin/clang -o conftest -I/Users/orta/dev/mac/CocoaPods-app/destroot/bundle/include/ruby-2.2.0/x86_64-darwin15 -I/Users/orta/dev/mac/CocoaPods-app/destroot/bundle/include/ruby-2.2.0/ruby/backward -I/Users/orta/dev/mac/CocoaPods-app/destroot/bundle/include/ruby-2.2.0 -I. -I/Users/orta/dev/mac/CocoaPods-app/destroot/dependencies/include -D_XOPEN_SOURCE -D_DARWIN_C_SOURCE -D_DARWIN_UNLIMITED_SELECT -D_REENTRANT   -mmacosx-version-min=10.10 -isysroot /Applications/Xcode7.app/Contents/Developer/Platforms/MacOSX.platform/Developer/SDKs/MacOSX10.11.sdk -pipe conftest.c  -L/Users/orta/dev/mac/CocoaPods-app/destroot/bundle/lib -L. -L/Users/orta/dev/mac/CocoaPods-app/destroot/bundle/lib -L. -L/Users/orta/dev/mac/CocoaPods-app/destroot/dependencies/lib -fstack-protector -L/usr/local/lib    -lm  -lruby-static -framework CoreFoundation -lz -lm  -lpthread -ldl -lobjc "
conftest.c:13:15: warning: implicit declaration of function 'inflate' is invalid in C99 [-Wimplicit-function-declaration]
int t(void) { inflate(); return 0; }
              ^
1 warning generated.
checked program was:
/* begin */
 1: #include "ruby.h"
 2: 
 3: /*top*/
 4: extern int t(void);
 5: int main(int argc, char **argv)
 6: {
 7:   if (argc > 1000000) {
 8:     printf("%p", &t);
 9:   }
10: 
11:   return 0;
12: }
13: int t(void) { inflate(); return 0; }
/* end */

--------------------

have_library: checking for iconv_open() in -liconv... -------------------- yes

"/usr/bin/clang -o conftest -I/Users/orta/dev/mac/CocoaPods-app/destroot/bundle/include/ruby-2.2.0/x86_64-darwin15 -I/Users/orta/dev/mac/CocoaPods-app/destroot/bundle/include/ruby-2.2.0/ruby/backward -I/Users/orta/dev/mac/CocoaPods-app/destroot/bundle/include/ruby-2.2.0 -I. -I/Users/orta/dev/mac/CocoaPods-app/destroot/dependencies/include -D_XOPEN_SOURCE -D_DARWIN_C_SOURCE -D_DARWIN_UNLIMITED_SELECT -D_REENTRANT   -mmacosx-version-min=10.10 -isysroot /Applications/Xcode7.app/Contents/Developer/Platforms/MacOSX.platform/Developer/SDKs/MacOSX10.11.sdk -pipe conftest.c  -L/Users/orta/dev/mac/CocoaPods-app/destroot/bundle/lib -L. -L/Users/orta/dev/mac/CocoaPods-app/destroot/bundle/lib -L. -L/Users/orta/dev/mac/CocoaPods-app/destroot/dependencies/lib -fstack-protector -L/usr/local/lib    -lz -lm  -lruby-static -framework CoreFoundation -liconv -lz -lm  -lpthread -ldl -lobjc "
conftest.c:13:57: error: use of undeclared identifier 'iconv_open'
int t(void) { void ((*volatile p)()); p = (void ((*)()))iconv_open; return 0; }
                                                        ^
1 error generated.
checked program was:
/* begin */
 1: #include "ruby.h"
 2: 
 3: /*top*/
 4: extern int t(void);
 5: int main(int argc, char **argv)
 6: {
 7:   if (argc > 1000000) {
 8:     printf("%p", &t);
 9:   }
10: 
11:   return 0;
12: }
13: int t(void) { void ((*volatile p)()); p = (void ((*)()))iconv_open; return 0; }
/* end */

"/usr/bin/clang -o conftest -I/Users/orta/dev/mac/CocoaPods-app/destroot/bundle/include/ruby-2.2.0/x86_64-darwin15 -I/Users/orta/dev/mac/CocoaPods-app/destroot/bundle/include/ruby-2.2.0/ruby/backward -I/Users/orta/dev/mac/CocoaPods-app/destroot/bundle/include/ruby-2.2.0 -I. -I/Users/orta/dev/mac/CocoaPods-app/destroot/dependencies/include -D_XOPEN_SOURCE -D_DARWIN_C_SOURCE -D_DARWIN_UNLIMITED_SELECT -D_REENTRANT   -mmacosx-version-min=10.10 -isysroot /Applications/Xcode7.app/Contents/Developer/Platforms/MacOSX.platform/Developer/SDKs/MacOSX10.11.sdk -pipe conftest.c  -L/Users/orta/dev/mac/CocoaPods-app/destroot/bundle/lib -L. -L/Users/orta/dev/mac/CocoaPods-app/destroot/bundle/lib -L. -L/Users/orta/dev/mac/CocoaPods-app/destroot/dependencies/lib -fstack-protector -L/usr/local/lib    -lz -lm  -lruby-static -framework CoreFoundation -liconv -lz -lm  -lpthread -ldl -lobjc "
conftest.c:13:15: warning: implicit declaration of function 'iconv_open' is invalid in C99 [-Wimplicit-function-declaration]
int t(void) { iconv_open(); return 0; }
              ^
1 warning generated.
checked program was:
/* begin */
 1: #include "ruby.h"
 2: 
 3: /*top*/
 4: extern int t(void);
 5: int main(int argc, char **argv)
 6: {
 7:   if (argc > 1000000) {
 8:     printf("%p", &t);
 9:   }
10: 
11:   return 0;
12: }
13: int t(void) { iconv_open(); return 0; }
/* end */

--------------------

have_library: checking for xmlParseDoc() in -lxml2... -------------------- yes

"/usr/bin/clang -o conftest -I/Users/orta/dev/mac/CocoaPods-app/destroot/bundle/include/ruby-2.2.0/x86_64-darwin15 -I/Users/orta/dev/mac/CocoaPods-app/destroot/bundle/include/ruby-2.2.0/ruby/backward -I/Users/orta/dev/mac/CocoaPods-app/destroot/bundle/include/ruby-2.2.0 -I. -I/Users/orta/dev/mac/CocoaPods-app/destroot/dependencies/include -D_XOPEN_SOURCE -D_DARWIN_C_SOURCE -D_DARWIN_UNLIMITED_SELECT -D_REENTRANT   -mmacosx-version-min=10.10 -isysroot /Applications/Xcode7.app/Contents/Developer/Platforms/MacOSX.platform/Developer/SDKs/MacOSX10.11.sdk -pipe -I/Applications/Xcode7.app/Contents/Developer/Platforms/MacOSX.platform/Developer/SDKs/MacOSX10.11.sdk/usr/include/libxml2 conftest.c  -L/Users/orta/dev/mac/CocoaPods-app/destroot/bundle/lib -L. -L/Users/orta/dev/mac/CocoaPods-app/destroot/bundle/lib -L. -L/Users/orta/dev/mac/CocoaPods-app/destroot/dependencies/lib -fstack-protector -L/usr/local/lib    -L/Applications/Xcode7.app/Contents/Developer/Platforms/MacOSX.platform/Developer/SDKs/MacOSX10.11.sdk/usr/lib -lxml2 -lz -lpthread -licucore -lm -liconv -lz -lm  -lruby-static -framework CoreFoundation -lxml2 -L/Applications/Xcode7.app/Contents/Developer/Platforms/MacOSX.platform/Developer/SDKs/MacOSX10.11.sdk/usr/lib -lxml2 -lz -lpthread -licucore -lm -liconv -lz -lm  -lpthread -ldl -lobjc "
conftest.c:13:57: error: use of undeclared identifier 'xmlParseDoc'
int t(void) { void ((*volatile p)()); p = (void ((*)()))xmlParseDoc; return 0; }
                                                        ^
1 error generated.
checked program was:
/* begin */
 1: #include "ruby.h"
 2: 
 3: /*top*/
 4: extern int t(void);
 5: int main(int argc, char **argv)
 6: {
 7:   if (argc > 1000000) {
 8:     printf("%p", &t);
 9:   }
10: 
11:   return 0;
12: }
13: int t(void) { void ((*volatile p)()); p = (void ((*)()))xmlParseDoc; return 0; }
/* end */

"/usr/bin/clang -o conftest -I/Users/orta/dev/mac/CocoaPods-app/destroot/bundle/include/ruby-2.2.0/x86_64-darwin15 -I/Users/orta/dev/mac/CocoaPods-app/destroot/bundle/include/ruby-2.2.0/ruby/backward -I/Users/orta/dev/mac/CocoaPods-app/destroot/bundle/include/ruby-2.2.0 -I. -I/Users/orta/dev/mac/CocoaPods-app/destroot/dependencies/include -D_XOPEN_SOURCE -D_DARWIN_C_SOURCE -D_DARWIN_UNLIMITED_SELECT -D_REENTRANT   -mmacosx-version-min=10.10 -isysroot /Applications/Xcode7.app/Contents/Developer/Platforms/MacOSX.platform/Developer/SDKs/MacOSX10.11.sdk -pipe -I/Applications/Xcode7.app/Contents/Developer/Platforms/MacOSX.platform/Developer/SDKs/MacOSX10.11.sdk/usr/include/libxml2 conftest.c  -L/Users/orta/dev/mac/CocoaPods-app/destroot/bundle/lib -L. -L/Users/orta/dev/mac/CocoaPods-app/destroot/bundle/lib -L. -L/Users/orta/dev/mac/CocoaPods-app/destroot/dependencies/lib -fstack-protector -L/usr/local/lib    -L/Applications/Xcode7.app/Contents/Developer/Platforms/MacOSX.platform/Developer/SDKs/MacOSX10.11.sdk/usr/lib -lxml2 -lz -lpthread -licucore -lm -liconv -lz -lm  -lruby-static -framework CoreFoundation -lxml2 -L/Applications/Xcode7.app/Contents/Developer/Platforms/MacOSX.platform/Developer/SDKs/MacOSX10.11.sdk/usr/lib -lxml2 -lz -lpthread -licucore -lm -liconv -lz -lm  -lpthread -ldl -lobjc "
conftest.c:13:15: warning: implicit declaration of function 'xmlParseDoc' is invalid in C99 [-Wimplicit-function-declaration]
int t(void) { xmlParseDoc(); return 0; }
              ^
1 warning generated.
checked program was:
/* begin */
 1: #include "ruby.h"
 2: 
 3: /*top*/
 4: extern int t(void);
 5: int main(int argc, char **argv)
 6: {
 7:   if (argc > 1000000) {
 8:     printf("%p", &t);
 9:   }
10: 
11:   return 0;
12: }
13: int t(void) { xmlParseDoc(); return 0; }
/* end */

--------------------

have_header: checking for libxml/xmlversion.h... -------------------- yes

"/usr/bin/clang -E -I/Users/orta/dev/mac/CocoaPods-app/destroot/bundle/include/ruby-2.2.0/x86_64-darwin15 -I/Users/orta/dev/mac/CocoaPods-app/destroot/bundle/include/ruby-2.2.0/ruby/backward -I/Users/orta/dev/mac/CocoaPods-app/destroot/bundle/include/ruby-2.2.0 -I. -I/Users/orta/dev/mac/CocoaPods-app/destroot/dependencies/include -D_XOPEN_SOURCE -D_DARWIN_C_SOURCE -D_DARWIN_UNLIMITED_SELECT -D_REENTRANT   -mmacosx-version-min=10.10 -isysroot /Applications/Xcode7.app/Contents/Developer/Platforms/MacOSX.platform/Developer/SDKs/MacOSX10.11.sdk -pipe -I/Applications/Xcode7.app/Contents/Developer/Platforms/MacOSX.platform/Developer/SDKs/MacOSX10.11.sdk/usr/include/libxml2  conftest.c -o conftest.i"
checked program was:
/* begin */
1: #include "ruby.h"
2: 
3: #include <libxml/xmlversion.h>
/* end */

--------------------

have_func: checking for rb_io_bufwrite() in ruby/io.h... -------------------- yes

"/usr/bin/clang -o conftest -I/Users/orta/dev/mac/CocoaPods-app/destroot/bundle/include/ruby-2.2.0/x86_64-darwin15 -I/Users/orta/dev/mac/CocoaPods-app/destroot/bundle/include/ruby-2.2.0/ruby/backward -I/Users/orta/dev/mac/CocoaPods-app/destroot/bundle/include/ruby-2.2.0 -I. -I/Users/orta/dev/mac/CocoaPods-app/destroot/dependencies/include -D_XOPEN_SOURCE -D_DARWIN_C_SOURCE -D_DARWIN_UNLIMITED_SELECT -D_REENTRANT   -mmacosx-version-min=10.10 -isysroot /Applications/Xcode7.app/Contents/Developer/Platforms/MacOSX.platform/Developer/SDKs/MacOSX10.11.sdk -pipe -I/Applications/Xcode7.app/Contents/Developer/Platforms/MacOSX.platform/Developer/SDKs/MacOSX10.11.sdk/usr/include/libxml2 conftest.c  -L/Users/orta/dev/mac/CocoaPods-app/destroot/bundle/lib -L. -L/Users/orta/dev/mac/CocoaPods-app/destroot/bundle/lib -L. -L/Users/orta/dev/mac/CocoaPods-app/destroot/dependencies/lib -fstack-protector -L/usr/local/lib    -lxml2 -L/Applications/Xcode7.app/Contents/Developer/Platforms/MacOSX.platform/Developer/SDKs/MacOSX10.11.sdk/usr/lib -lxml2 -lz -lpthread -licucore -lm -liconv -lz -lm  -lruby-static -framework CoreFoundation -lxml2 -L/Applications/Xcode7.app/Contents/Developer/Platforms/MacOSX.platform/Developer/SDKs/MacOSX10.11.sdk/usr/lib -lxml2 -lz -lpthread -licucore -lm -liconv -lz -lm  -lpthread -ldl -lobjc "
checked program was:
/* begin */
 1: #include "ruby.h"
 2: 
 3: #include <ruby/io.h>
 4: 
 5: /*top*/
 6: extern int t(void);
 7: int main(int argc, char **argv)
 8: {
 9:   if (argc > 1000000) {
10:     printf("%p", &t);
11:   }
12: 
13:   return 0;
14: }
15: int t(void) { void ((*volatile p)()); p = (void ((*)()))rb_io_bufwrite; return 0; }
/* end */

--------------------

extconf.h is:
/* begin */
1: #ifndef EXTCONF_H
2: #define EXTCONF_H
3: #define HAVE_ZLIB_H 1
4: #define HAVE_LIBXML_XMLVERSION_H 1
5: #define HAVE_RB_IO_BUFWRITE 1
6: #endif
/* end */

